<?xml version="1.0" encoding="UTF-8"?>
<!-- Generated by org.testng.reporters.JUnitXMLReporter -->
<testsuite ignored="0" hostname="Radhey" failures="0" tests="4" name="Test" time="1.17" errors="0" timestamp="04 May 2023 15:03:17 GMT">
  <testcase classname="com.kirannn.Test1" name="Test" time="0.005"/>
  <testcase classname="com.kirannn.Test2" name="Test2" time="0.001"/>
  <testcase classname="com.login.TestPage" name="test01" time="1.063"/>
  <testcase classname="com.login.TestPage" name="test02" time="0.074"/>
</testsuite> <!-- Test -->
