<?xml version="1.0" encoding="UTF-8"?>
<testng-results ignored="0" total="2" passed="2" failed="0" skipped="0">
  <reporter-output>
  </reporter-output>
  <suite started-at="2023-05-13T09:17:06Z" name="Default suite" finished-at="2023-05-13T09:17:06Z" duration-ms="36">
    <groups>
    </groups>
    <test started-at="2023-05-13T09:17:06Z" name="Default test" finished-at="2023-05-13T09:17:06Z" duration-ms="36">
      <class name="com.kirannn.Test2">
        <test-method signature="Test2()[pri:0, instance:com.kirannn.Test2@4ff8d125]" started-at="2023-05-13T09:17:06Z" name="Test2" finished-at="2023-05-13T09:17:06Z" duration-ms="8" status="PASS">
          <reporter-output>
          </reporter-output>
        </test-method> <!-- Test2 -->
      </class> <!-- com.kirannn.Test2 -->
      <class name="com.kirannn.Test1">
        <test-method signature="Test()[pri:0, instance:com.kirannn.Test1@6d167f58]" started-at="2023-05-13T09:17:06Z" name="Test" finished-at="2023-05-13T09:17:06Z" duration-ms="1" status="PASS">
          <reporter-output>
          </reporter-output>
        </test-method> <!-- Test -->
      </class> <!-- com.kirannn.Test1 -->
    </test> <!-- Default test -->
  </suite> <!-- Default suite -->
</testng-results>
