<?xml version="1.0" encoding="UTF-8"?>
<!-- Generated by org.testng.reporters.JUnitXMLReporter -->
<testsuite ignored="0" hostname="Radhey" failures="1" tests="3" name="Test" time="1.431" errors="0" timestamp="14 May 2023 12:14:59 GMT">
  <testcase classname="com.test.LoginTest" name="Test01" time="1.16"/>
  <testcase classname="com.test.LoginTest" name="Test02" time="0.008">
    <failure type="java.lang.AssertionError" message="expected [JavaByKiran | Dashboard111] but found [JavaByKiran | Dashboard]">
      <![CDATA[java.lang.AssertionError: expected [JavaByKiran | Dashboard111] but found [JavaByKiran | Dashboard]
at com.test.LoginTest.Test02(LoginTest.java:32)
... Removed 31 stack frames]]>
    </failure>
  </testcase> <!-- Test02 -->
  <testcase classname="com.test.LoginTest" name="test03" time="0.002">
    <skipped/>
  </testcase> <!-- test03 -->
</testsuite> <!-- Test -->
